# JRE version: Java(TM) SE Runtime Environment (8.0_211-b12) (build 1.8.0_211-b12)
# Java VM: Java HotSpot(TM) 64-Bit Server VM (25.211-b12 mixed mode windows-amd64 compressed oops)
Heap:
 PSYoungGen      total 259072K, used 160037K [0x00000000eb380000, 0x0000000100000000, 0x0000000100000000)
  eden space 241664K, 66% used [0x00000000eb380000,0x00000000f4fc94b0,0x00000000f9f80000)
  from space 17408K, 0% used [0x00000000f9f80000,0x00000000f9f80000,0x00000000fb080000)
  to   space 17408K, 0% used [0x00000000fef00000,0x00000000fef00000,0x0000000100000000)
 ParOldGen       total 67584K, used 19340K [0x00000000c1a00000, 0x00000000c5c00000, 0x00000000eb380000)
  object space 67584K, 28% used [0x00000000c1a00000,0x00000000c2ce33d8,0x00000000c5c00000)
 Metaspace       used 56042K, capacity 60090K, committed 60376K, reserved 1101824K
  class space    used 7886K, capacity 8581K, committed 8704K, reserved 1048576K
GC Heap History (10 events):
Event: 12.212 GC heap before
{Heap before GC invocations=13 (full 2):
 PSYoungGen      total 191488K, used 181760K [0x00000000eb380000, 0x00000000f7c00000, 0x0000000100000000)
  eden space 181760K, 100% used [0x00000000eb380000,0x00000000f6500000,0x00000000f6500000)
  from space 9728K, 0% used [0x00000000f7180000,0x00000000f7180000,0x00000000f7b00000)
  to   space 11776K, 0% used [0x00000000f6500000,0x00000000f6500000,0x00000000f7080000)
 ParOldGen       total 49152K, used 17180K [0x00000000c1a00000, 0x00000000c4a00000, 0x00000000eb380000)
  object space 49152K, 34% used [0x00000000c1a00000,0x00000000c2ac7348,0x00000000c4a00000)
 Metaspace       used 51636K, capacity 55252K, committed 55552K, reserved 1097728K
  class space    used 7288K, capacity 7919K, committed 7936K, reserved 1048576K
Event: 12.252 GC heap after
Heap after GC invocations=13 (full 2):
 PSYoungGen      total 193536K, used 11770K [0x00000000eb380000, 0x00000000fc980000, 0x0000000100000000)
  eden space 181760K, 0% used [0x00000000eb380000,0x00000000eb380000,0x00000000f6500000)
  from space 11776K, 99% used [0x00000000f6500000,0x00000000f707e8c0,0x00000000f7080000)
  to   space 17920K, 0% used [0x00000000fb800000,0x00000000fb800000,0x00000000fc980000)
 ParOldGen       total 49152K, used 29060K [0x00000000c1a00000, 0x00000000c4a00000, 0x00000000eb380000)
  object space 49152K, 59% used [0x00000000c1a00000,0x00000000c3661098,0x00000000c4a00000)
 Metaspace       used 51636K, capacity 55252K, committed 55552K, reserved 1097728K
  class space    used 7288K, capacity 7919K, committed 7936K, reserved 1048576K
}
Event: 23.689 GC heap before
{Heap before GC invocations=14 (full 2):
 PSYoungGen      total 193536K, used 56948K [0x00000000eb380000, 0x00000000fc980000, 0x0000000100000000)
  eden space 181760K, 24% used [0x00000000eb380000,0x00000000edf9e8a0,0x00000000f6500000)
  from space 11776K, 99% used [0x00000000f6500000,0x00000000f707e8c0,0x00000000f7080000)
  to   space 17920K, 0% used [0x00000000fb800000,0x00000000fb800000,0x00000000fc980000)
 ParOldGen       total 49152K, used 29060K [0x00000000c1a00000, 0x00000000c4a00000, 0x00000000eb380000)
  object space 49152K, 59% used [0x00000000c1a00000,0x00000000c3661098,0x00000000c4a00000)
 Metaspace       used 55233K, capacity 59020K, committed 59096K, reserved 1099776K
  class space    used 7754K, capacity 8419K, committed 8448K, reserved 1048576K
Event: 23.714 GC heap after
Heap after GC invocations=14 (full 2):
 PSYoungGen      total 251392K, used 3958K [0x00000000eb380000, 0x00000000fc180000, 0x0000000100000000)
  eden space 241664K, 0% used [0x00000000eb380000,0x00000000eb380000,0x00000000f9f80000)
  from space 9728K, 40% used [0x00000000fb800000,0x00000000fbbddb58,0x00000000fc180000)
  to   space 17408K, 0% used [0x00000000f9f80000,0x00000000f9f80000,0x00000000fb080000)
 ParOldGen       total 49152K, used 37826K [0x00000000c1a00000, 0x00000000c4a00000, 0x00000000eb380000)
  object space 49152K, 76% used [0x00000000c1a00000,0x00000000c3ef0be0,0x00000000c4a00000)
 Metaspace       used 55233K, capacity 59020K, committed 59096K, reserved 1099776K
  class space    used 7754K, capacity 8419K, committed 8448K, reserved 1048576K
}
Event: 23.715 GC heap before
{Heap before GC invocations=15 (full 3):
 PSYoungGen      total 251392K, used 3958K [0x00000000eb380000, 0x00000000fc180000, 0x0000000100000000)
  eden space 241664K, 0% used [0x00000000eb380000,0x00000000eb380000,0x00000000f9f80000)
  from space 9728K, 40% used [0x00000000fb800000,0x00000000fbbddb58,0x00000000fc180000)
  to   space 17408K, 0% used [0x00000000f9f80000,0x00000000f9f80000,0x00000000fb080000)
 ParOldGen       total 49152K, used 37826K [0x00000000c1a00000, 0x00000000c4a00000, 0x00000000eb380000)
  object space 49152K, 76% used [0x00000000c1a00000,0x00000000c3ef0be0,0x00000000c4a00000)
 Metaspace       used 55233K, capacity 59020K, committed 59096K, reserved 1099776K
  class space    used 7754K, capacity 8419K, committed 8448K, reserved 1048576K
Event: 23.956 GC heap after
Heap after GC invocations=15 (full 3):
 PSYoungGen      total 251392K, used 0K [0x00000000eb380000, 0x00000000fc180000, 0x0000000100000000)
  eden space 241664K, 0% used [0x00000000eb380000,0x00000000eb380000,0x00000000f9f80000)
  from space 9728K, 0% used [0x00000000fb800000,0x00000000fb800000,0x00000000fc180000)
  to   space 17408K, 0% used [0x00000000f9f80000,0x00000000f9f80000,0x00000000fb080000)
 ParOldGen       total 67584K, used 22812K [0x00000000c1a00000, 0x00000000c5c00000, 0x00000000eb380000)
  object space 67584K, 33% used [0x00000000c1a00000,0x00000000c3047270,0x00000000c5c00000)
 Metaspace       used 55233K, capacity 59020K, committed 59096K, reserved 1099776K
  class space    used 7754K, capacity 8419K, committed 8448K, reserved 1048576K
}
Event: 93.154 GC heap before
{Heap before GC invocations=16 (full 3):
 PSYoungGen      total 251392K, used 26474K [0x00000000eb380000, 0x00000000fc180000, 0x0000000100000000)
  eden space 241664K, 10% used [0x00000000eb380000,0x00000000ecd5a998,0x00000000f9f80000)
  from space 9728K, 0% used [0x00000000fb800000,0x00000000fb800000,0x00000000fc180000)
  to   space 17408K, 0% used [0x00000000f9f80000,0x00000000f9f80000,0x00000000fb080000)
 ParOldGen       total 67584K, used 22812K [0x00000000c1a00000, 0x00000000c5c00000, 0x00000000eb380000)
  object space 67584K, 33% used [0x00000000c1a00000,0x00000000c3047270,0x00000000c5c00000)
 Metaspace       used 55668K, capacity 59532K, committed 59736K, reserved 1099776K
  class space    used 7841K, capacity 8512K, committed 8576K, reserved 1048576K
Event: 93.187 GC heap after
Heap after GC invocations=16 (full 3):
 PSYoungGen      total 259072K, used 759K [0x00000000eb380000, 0x0000000100000000, 0x0000000100000000)
  eden space 241664K, 0% used [0x00000000eb380000,0x00000000eb380000,0x00000000f9f80000)
  from space 17408K, 4% used [0x00000000f9f80000,0x00000000fa03dd80,0x00000000fb080000)
  to   space 17408K, 0% used [0x00000000fef00000,0x00000000fef00000,0x0000000100000000)
 ParOldGen       total 67584K, used 22820K [0x00000000c1a00000, 0x00000000c5c00000, 0x00000000eb380000)
  object space 67584K, 33% used [0x00000000c1a00000,0x00000000c3049270,0x00000000c5c00000)
 Metaspace       used 55668K, capacity 59532K, committed 59736K, reserved 1099776K
  class space    used 7841K, capacity 8512K, committed 8576K, reserved 1048576K
}
Event: 93.187 GC heap before
{Heap before GC invocations=17 (full 4):
 PSYoungGen      total 259072K, used 759K [0x00000000eb380000, 0x0000000100000000, 0x0000000100000000)
  eden space 241664K, 0% used [0x00000000eb380000,0x00000000eb380000,0x00000000f9f80000)
  from space 17408K, 4% used [0x00000000f9f80000,0x00000000fa03dd80,0x00000000fb080000)
  to   space 17408K, 0% used [0x00000000fef00000,0x00000000fef00000,0x0000000100000000)
 ParOldGen       total 67584K, used 22820K [0x00000000c1a00000, 0x00000000c5c00000, 0x00000000eb380000)
  object space 67584K, 33% used [0x00000000c1a00000,0x00000000c3049270,0x00000000c5c00000)
 Metaspace       used 55668K, capacity 59532K, committed 59736K, reserved 1099776K
  class space    used 7841K, capacity 8512K, committed 8576K, reserved 1048576K
Event: 93.689 GC heap after
Heap after GC invocations=17 (full 4):
 PSYoungGen      total 259072K, used 0K [0x00000000eb380000, 0x0000000100000000, 0x0000000100000000)
  eden space 241664K, 0% used [0x00000000eb380000,0x00000000eb380000,0x00000000f9f80000)
  from space 17408K, 0% used [0x00000000f9f80000,0x00000000f9f80000,0x00000000fb080000)
  to   space 17408K, 0% used [0x00000000fef00000,0x00000000fef00000,0x0000000100000000)
 ParOldGen       total 67584K, used 19340K [0x00000000c1a00000, 0x00000000c5c00000, 0x00000000eb380000)
  object space 67584K, 28% used [0x00000000c1a00000,0x00000000c2ce33d8,0x00000000c5c00000)
 Metaspace       used 55668K, capacity 59532K, committed 59736K, reserved 1099776K
  class space    used 7841K, capacity 8512K, committed 8576K, reserved 1048576K
}

